This mapping 'stable_39' was designed for MC 1.12! Use at your own peril.This mapping 'stable_39' was designed for MC 1.12! Use at your own peril.

Found AccessTransformer: top_at.cfg_TheOneProbe-1.12-1.12-1.4.14-7_at.cfg
:extractMcpMappings
:deobfCompileDeobfDepTask0 SKIPPED
:deobfCompileDeobfDepTask1
:deobfCompileDeobfDepTask2 SKIPPED
:deobfCompileDeobfDepTask3 SKIPPED
:deobfCompileDeobfDepTask4
:deobfCompileRemapDepSourcesTask5 SKIPPED
:deobfCompileRemapDepSourcesTask6 SKIPPED
:deobfCompileRemapDepSourcesTask7 SKIPPED
:deobfCompileRemapDepSourcesTask8 SKIPPED
:deobfCompileDummyTask
:deobfProvidedDeobfDepTask0 SKIPPED
:deobfProvidedRemapDepSourcesTask1 SKIPPED
:deobfProvidedDummyTask
:sourceApiJava
:compileApiJava UP-TO-DATE
:processApiResources UP-TO-DATE
:apiClasses UP-TO-DATE
:sourceMainJava
:compileJava UP-TO-DATE
:processResources
:classes

BUILD SUCCESSFUL

Total time: 4.233 secs
